"../../../../../../Users/Benjamin/Desktop/SAE/Trimester 3/GPG210/19T3-GPG210-Team-D-Prototype-0/Content/Geometry/Meshes/CubeMaterial.uasset" 0
"../../../../../../Users/Benjamin/Desktop/SAE/Trimester 3/GPG210/19T3-GPG210-Team-D-Prototype-0/Content/Geometry/Meshes/1M_Cube_Chamfer.uasset" 1
"../../../Engine/Content/Functions/Engine_MaterialFunctions01/Opacity/CameraDepthFade.uasset" 2
"../../../Engine/Content/EngineMaterials/T_Default_Material_Grid_M.uasset" 3
"../../../Engine/Content/EngineMaterials/T_Default_Material_Grid_N.uasset" 4
"../../../Engine/Content/EngineMaterials/WorldGridMaterial.uasset" 5
"../../../../../../Users/Benjamin/Desktop/SAE/Trimester 3/GPG210/19T3-GPG210-Team-D-Prototype-0/Content/StaticMeshes/Pill_Bottle/Pill_Bottle_Container.uasset" 6
"../../../../../../Users/Benjamin/Desktop/SAE/Trimester 3/GPG210/19T3-GPG210-Team-D-Prototype-0/Content/StaticMeshes/Pill_Bottle/Pill_Bottle_Lid.uasset" 7
"../../../../../../Users/Benjamin/Desktop/SAE/Trimester 3/GPG210/19T3-GPG210-Team-D-Prototype-0/Content/Geometry/Meshes/BP_Pill_Bottle.uasset" 8
"../../../../../../Users/Benjamin/Desktop/SAE/Trimester 3/GPG210/19T3-GPG210-Team-D-Prototype-0/Content/Geometry/Meshes/TemplateFloor.uasset" 9
"../../../../../../Users/Benjamin/Desktop/SAE/Trimester 3/GPG210/19T3-GPG210-Team-D-Prototype-0/Content/Mannequin/Character/Mesh/UE4_Mannequin_Skeleton.uasset" 10
"../../../../../../Users/Benjamin/Desktop/SAE/Trimester 3/GPG210/19T3-GPG210-Team-D-Prototype-0/Content/Mannequin/Animations/ThirdPersonJump_End.uasset" 11
"../../../Engine/Content/Functions/Engine_MaterialFunctions02/Utility/BlendAngleCorrectedNormals.uasset" 12
"../../../Engine/Content/Functions/MaterialLayerFunctions/MatLayerBlend_NormalBlend.uasset" 13
"../../../Engine/Content/Functions/MaterialLayerFunctions/MatLayerBlend_Simple.uasset" 14
"../../../../../../Users/Benjamin/Desktop/SAE/Trimester 3/GPG210/19T3-GPG210-Team-D-Prototype-0/Content/Mannequin/Character/Materials/MaterialLayers/T_ML_Rubber_Blue_01_D.uasset" 15
"../../../../../../Users/Benjamin/Desktop/SAE/Trimester 3/GPG210/19T3-GPG210-Team-D-Prototype-0/Content/Mannequin/Character/Materials/MaterialLayers/T_ML_Rubber_Blue_01_N.uasset" 16
"../../../../../../Users/Benjamin/Desktop/SAE/Trimester 3/GPG210/19T3-GPG210-Team-D-Prototype-0/Content/Mannequin/Character/Materials/MaterialLayers/ML_GlossyBlack_Latex_UE4.uasset" 17
"../../../../../../Users/Benjamin/Desktop/SAE/Trimester 3/GPG210/19T3-GPG210-Team-D-Prototype-0/Content/Mannequin/Character/Materials/MaterialLayers/ML_Plastic_Shiny_Beige.uasset" 18
"../../../../../../Users/Benjamin/Desktop/SAE/Trimester 3/GPG210/19T3-GPG210-Team-D-Prototype-0/Content/Mannequin/Character/Textures/UE4_LOGO_CARD.uasset" 19
"../../../../../../Users/Benjamin/Desktop/SAE/Trimester 3/GPG210/19T3-GPG210-Team-D-Prototype-0/Content/Mannequin/Character/Materials/MaterialLayers/ML_Plastic_Shiny_Beige_LOGO.uasset" 20
"../../../../../../Users/Benjamin/Desktop/SAE/Trimester 3/GPG210/19T3-GPG210-Team-D-Prototype-0/Content/Mannequin/Character/Materials/MaterialLayers/T_ML_Aluminum01.uasset" 21
"../../../../../../Users/Benjamin/Desktop/SAE/Trimester 3/GPG210/19T3-GPG210-Team-D-Prototype-0/Content/Mannequin/Character/Materials/MaterialLayers/T_ML_Aluminum01_N.uasset" 22
"../../../../../../Users/Benjamin/Desktop/SAE/Trimester 3/GPG210/19T3-GPG210-Team-D-Prototype-0/Content/Mannequin/Character/Materials/MaterialLayers/ML_SoftMetal_UE4.uasset" 23
"../../../../../../Users/Benjamin/Desktop/SAE/Trimester 3/GPG210/19T3-GPG210-Team-D-Prototype-0/Content/Mannequin/Character/Textures/UE4_Mannequin__normals.uasset" 24
"../../../../../../Users/Benjamin/Desktop/SAE/Trimester 3/GPG210/19T3-GPG210-Team-D-Prototype-0/Content/Mannequin/Character/Textures/UE4_Mannequin_MAT_MASKA.uasset" 25
"../../../../../../Users/Benjamin/Desktop/SAE/Trimester 3/GPG210/19T3-GPG210-Team-D-Prototype-0/Content/Mannequin/Character/Materials/M_UE4Man_Body.uasset" 26
"../../../../../../Users/Benjamin/Desktop/SAE/Trimester 3/GPG210/19T3-GPG210-Team-D-Prototype-0/Content/Mannequin/Character/Textures/UE4Man_Logo_N.uasset" 27
"../../../../../../Users/Benjamin/Desktop/SAE/Trimester 3/GPG210/19T3-GPG210-Team-D-Prototype-0/Content/Mannequin/Character/Materials/M_UE4Man_ChestLogo.uasset" 28
"../../../../../../Users/Benjamin/Desktop/SAE/Trimester 3/GPG210/19T3-GPG210-Team-D-Prototype-0/Content/Mannequin/Character/Mesh/SK_Mannequin_PhysicsAsset.uasset" 29
"../../../../../../Users/Benjamin/Desktop/SAE/Trimester 3/GPG210/19T3-GPG210-Team-D-Prototype-0/Content/Mannequin/Character/Mesh/SK_Mannequin.uasset" 30
"../../../../../../Users/Benjamin/Desktop/SAE/Trimester 3/GPG210/19T3-GPG210-Team-D-Prototype-0/Content/materials/MT_Mat_4.uasset" 31
"../../../../../../Users/Benjamin/Desktop/SAE/Trimester 3/GPG210/19T3-GPG210-Team-D-Prototype-0/Content/materials/BottomWall.uasset" 32
"../../../../../../Users/Benjamin/Desktop/SAE/Trimester 3/GPG210/19T3-GPG210-Team-D-Prototype-0/Content/materials/MT_Mat_8.uasset" 33
"../../../../../../Users/Benjamin/Desktop/SAE/Trimester 3/GPG210/19T3-GPG210-Team-D-Prototype-0/Content/materials/WoodFloor.uasset" 34
"../../../../../../Users/Benjamin/Desktop/SAE/Trimester 3/GPG210/19T3-GPG210-Team-D-Prototype-0/Content/materials/WoodFloor_Mat.uasset" 35
"../../../../../../Users/Benjamin/Desktop/SAE/Trimester 3/GPG210/19T3-GPG210-Team-D-Prototype-0/Content/SoundEffects/Snare_Drum_Hit_Sound_Effect.uasset" 36
"../../../../../../Users/Benjamin/Desktop/SAE/Trimester 3/GPG210/19T3-GPG210-Team-D-Prototype-0/Content/SoundEffects/Snare_Drum_Hit_Sound_Effect_Cue.uasset" 37
"../../../../../../Users/Benjamin/Desktop/SAE/Trimester 3/GPG210/19T3-GPG210-Team-D-Prototype-0/Content/StaticMeshes/Blinds/Blinds_Blinds_Closed_001.uasset" 38
"../../../../../../Users/Benjamin/Desktop/SAE/Trimester 3/GPG210/19T3-GPG210-Team-D-Prototype-0/Content/StaticMeshes/Blinds/Blinds_Blinds_Open_001.uasset" 39
"../../../../../../Users/Benjamin/Desktop/SAE/Trimester 3/GPG210/19T3-GPG210-Team-D-Prototype-0/Content/StaticMeshes/Blinds/Blinds_Frame.uasset" 40
"../../../../../../Users/Benjamin/Desktop/SAE/Trimester 3/GPG210/19T3-GPG210-Team-D-Prototype-0/Content/StaticMeshes/Blinds/Blinds_Top_Compartment.uasset" 41
"../../../../../../Users/Benjamin/Desktop/SAE/Trimester 3/GPG210/19T3-GPG210-Team-D-Prototype-0/Content/StaticMeshes/Blinds/Blinds_Wires.uasset" 42
"../../../../../../Users/Benjamin/Desktop/SAE/Trimester 3/GPG210/19T3-GPG210-Team-D-Prototype-0/Content/StaticMeshes/Double_Door/Double_Doors_Circle_003.uasset" 43
"../../../../../../Users/Benjamin/Desktop/SAE/Trimester 3/GPG210/19T3-GPG210-Team-D-Prototype-0/Content/StaticMeshes/Double_Door/Double_Doors_Cube_019.uasset" 44
"../../../../../../Users/Benjamin/Desktop/SAE/Trimester 3/GPG210/19T3-GPG210-Team-D-Prototype-0/Content/StaticMeshes/Double_Door/Double_Doors_Cube_020.uasset" 45
"../../../../../../Users/Benjamin/Desktop/SAE/Trimester 3/GPG210/19T3-GPG210-Team-D-Prototype-0/Content/StaticMeshes/Double_Door/Double_Doors_Cube_021.uasset" 46
"../../../../../../Users/Benjamin/Desktop/SAE/Trimester 3/GPG210/19T3-GPG210-Team-D-Prototype-0/Content/StaticMeshes/Double_Door/Double_Doors_Cube_022.uasset" 47
"../../../../../../Users/Benjamin/Desktop/SAE/Trimester 3/GPG210/19T3-GPG210-Team-D-Prototype-0/Content/StaticMeshes/Double_Door/Double_Doors_Cube_023.uasset" 48
"../../../../../../Users/Benjamin/Desktop/SAE/Trimester 3/GPG210/19T3-GPG210-Team-D-Prototype-0/Content/StaticMeshes/Double_Door/Double_Doors_Cube_025.uasset" 49
"../../../../../../Users/Benjamin/Desktop/SAE/Trimester 3/GPG210/19T3-GPG210-Team-D-Prototype-0/Content/StaticMeshes/Railing/Railing_Corner_Inner_Left_001.uasset" 50
"../../../../../../Users/Benjamin/Desktop/SAE/Trimester 3/GPG210/19T3-GPG210-Team-D-Prototype-0/Content/StaticMeshes/Railing/Railing_Corner_Outer_Left_001.uasset" 51
"../../../../../../Users/Benjamin/Desktop/SAE/Trimester 3/GPG210/19T3-GPG210-Team-D-Prototype-0/Content/StaticMeshes/Waiting_Room_Chairs/Waiting_Room_Chairs_Cube.uasset" 52
"../../../../../../Users/Benjamin/Desktop/SAE/Trimester 3/GPG210/19T3-GPG210-Team-D-Prototype-0/Content/StaticMeshes/Waiting_Room_Chairs/Waiting_Room_Chairs_Cube_006.uasset" 53
"../../../../../../Users/Benjamin/Desktop/SAE/Trimester 3/GPG210/19T3-GPG210-Team-D-Prototype-0/Content/ThirdPerson/Meshes/RampMaterial.uasset" 54
"../../../../../../Users/Benjamin/Desktop/SAE/Trimester 3/GPG210/19T3-GPG210-Team-D-Prototype-0/Content/ThirdPerson/Meshes/Bump_StaticMesh.uasset" 55
"../../../../../../Users/Benjamin/Desktop/SAE/Trimester 3/GPG210/19T3-GPG210-Team-D-Prototype-0/Content/ThirdPerson/Meshes/LeftArm_StaticMesh.uasset" 56
"../../../../../../Users/Benjamin/Desktop/SAE/Trimester 3/GPG210/19T3-GPG210-Team-D-Prototype-0/Content/ThirdPerson/Meshes/Linear_Stair_StaticMesh.uasset" 57
"../../../../../../Users/Benjamin/Desktop/SAE/Trimester 3/GPG210/19T3-GPG210-Team-D-Prototype-0/Content/ThirdPerson/Meshes/Ramp_StaticMesh.uasset" 58
"../../../../../../Users/Benjamin/Desktop/SAE/Trimester 3/GPG210/19T3-GPG210-Team-D-Prototype-0/Content/ThirdPerson/Meshes/RightArm_StaticMesh.uasset" 59
"../../../../../../Users/Benjamin/Desktop/SAE/Trimester 3/GPG210/19T3-GPG210-Team-D-Prototype-0/Content/ThirdPersonBP/ThirdPersonOverview.uasset" 60
"../../../Engine/Content/EditorBlueprintResources/StandardMacros.uasset" 61
"../../../../../../Users/Benjamin/Desktop/SAE/Trimester 3/GPG210/19T3-GPG210-Team-D-Prototype-0/Content/ThirdPersonBP/Blueprints/BP_Beats.uasset" 62
"../../../Engine/Content/BasicShapes/BasicShapeMaterial.uasset" 63
"../../../Engine/Content/EngineMaterials/DefaultMaterial.uasset" 64
"../../../Engine/Content/BasicShapes/Sphere.uasset" 65
"../../../../../../Users/Benjamin/Desktop/SAE/Trimester 3/GPG210/19T3-GPG210-Team-D-Prototype-0/Content/ThirdPersonBP/Blueprints/BP_Beat_Controller.uasset" 66
"../../../Engine/Content/Animation/DefaultAnimCurveCompressionSettings.uasset" 67
"../../../Engine/Content/ArtTools/RenderToTexture/Meshes/S_1_Unit_Plane.uasset" 68
"../../../Engine/Content/BasicShapes/Cone.uasset" 69
"../../../Engine/Content/BasicShapes/Cylinder.uasset" 70
"../../../Engine/Content/EditorLandscapeResources/DataLayer.uasset" 71
"../../../Engine/Content/EditorMaterials/GizmoMaterial.uasset" 72
"../../../Engine/Content/EditorMaterials/MAT_Groups_Toggle.uasset" 73
"../../../Engine/Content/EditorMaterials/MAT_Groups_Visibility.uasset" 74
"../../../Engine/Content/EditorMaterials/PreviewShadowIndicator.uasset" 75
"../../../Engine/Content/EditorMaterials/PreviewShadowIndicatorMaterial.uasset" 76
"../../../Engine/Content/EditorMaterials/MatineeGroups/MAT_ColorTrack.uasset" 77
"../../../Engine/Content/EditorMaterials/MatineeGroups/MAT_Groups_Anim.uasset" 78
"../../../Engine/Content/EditorMaterials/MatineeGroups/MAT_Groups_AudioMaster.uasset" 79
"../../../Engine/Content/EditorMaterials/MatineeGroups/MAT_Groups_Director.uasset" 80
"../../../Engine/Content/EditorMaterials/MatineeGroups/MAT_Groups_Event.uasset" 81
"../../../Engine/Content/EditorMaterials/MatineeGroups/MAT_Groups_Fade.uasset" 82
"../../../Engine/Content/EditorMaterials/MatineeGroups/MAT_Groups_Float.uasset" 83
"../../../Engine/Content/EditorMaterials/MatineeGroups/MAT_Groups_Move.uasset" 84
"../../../Engine/Content/EditorMaterials/MatineeGroups/MAT_Groups_Slomo.uasset" 85
"../../../Engine/Content/EditorMaterials/MatineeGroups/MAT_Groups_Sound.uasset" 86
"../../../Engine/Content/EditorMaterials/MatineeGroups/MAT_Groups_Vector.uasset" 87
"../../../Engine/Content/EditorMaterials/ParticleSystems/PSysThumbnail_NoImage.uasset" 88
"../../../Engine/Content/EditorMaterials/ParticleSystems/PSysThumbnail_OOD.uasset" 89
"../../../Engine/Content/EditorMaterials/Camera/CineMat.uasset" 90
"../../../Engine/Content/EditorMaterials/Camera/MI_CineMat_Rig.uasset" 91
"../../../Engine/Content/EditorMeshes/Camera/SM_CraneRig_Arm.uasset" 92
"../../../Engine/Content/EditorMeshes/Camera/SM_CraneRig_Base.uasset" 93
"../../../Engine/Content/EditorMeshes/Camera/SM_CraneRig_Body.uasset" 94
"../../../Engine/Content/EditorMeshes/Camera/SM_CraneRig_Mount.uasset" 95
"../../../Engine/Content/EditorMeshes/Camera/SM_RailRig_Mount.uasset" 96
"../../../Engine/Content/EditorMeshes/Camera/SM_RailRig_Track.uasset" 97
"../../../Engine/Content/EditorResources/BSPVertex.uasset" 98
"../../../Engine/Content/EditorResources/EmptyActor.uasset" 99
"../../../Engine/Content/EditorResources/S_Actor.uasset" 100
"../../../Engine/Content/EditorResources/S_Note.uasset" 101
"../../../Engine/Content/EditorResources/S_Trigger.uasset" 102
"../../../Engine/Content/EditorResources/LightIcons/S_LightError.uasset" 103
"../../../Engine/Content/EditorResources/SequenceRecorder/Countdown.uasset" 104
"../../../Engine/Content/EditorResources/SequenceRecorder/RecordingIndicator.uasset" 105
"../../../Engine/Content/EditorSounds/Notifications/CompileFailed.uasset" 106
"../../../Engine/Content/EditorSounds/Notifications/CompileFailed_Cue.uasset" 107
"../../../Engine/Content/EditorSounds/Notifications/CompileSuccess.uasset" 108
"../../../Engine/Content/EditorSounds/Notifications/CompileStart_Cue.uasset" 109
"../../../Engine/Content/EditorSounds/Notifications/CompileSuccess_Cue.uasset" 110
"../../../Engine/Content/EngineDamageTypes/DmgTypeBP_Environmental.uasset" 111
"../../../Engine/Content/EngineDebugMaterials/HeatmapGradient.uasset" 112
"../../../Engine/Content/EngineDebugMaterials/BoneWeightMaterial.uasset" 113
"../../../Engine/Content/EngineDebugMaterials/ClothMaterial.uasset" 114
"../../../Engine/Content/EngineDebugMaterials/ClothMaterial_WF.uasset" 115
"../../../Engine/Content/EngineDebugMaterials/DebugEditorMaterial.uasset" 116
"../../../Engine/Content/EngineDebugMaterials/DebugMeshMaterial.uasset" 117
"../../../Engine/Content/EngineDebugMaterials/GeomMaterial.uasset" 118
"../../../Engine/Content/EngineDebugMaterials/M_SimpleTranslucent.uasset" 119
"../../../Engine/Content/EngineFonts/Faces/RobotoBold.uasset" 120
"../../../Engine/Content/EngineFonts/Faces/RobotoBoldItalic.uasset" 121
"../../../Engine/Content/EngineFonts/Faces/RobotoItalic.uasset" 122
"../../../Engine/Content/EngineFonts/Faces/RobotoLight.uasset" 123
"../../../Engine/Content/EngineFonts/Faces/RobotoRegular.uasset" 124
"../../../Engine/Content/EngineFonts/Roboto.uasset" 125
"../../../Engine/Content/EngineFonts/Faces/RobotoTiny.uasset" 126
"../../../Engine/Content/EngineFonts/RobotoTiny.uasset" 127
"../../../Engine/Content/EngineMaterials/BaseFlattenDiffuseMap.uasset" 128
"../../../Engine/Content/EngineMaterials/BaseFlattenEmissiveMap.uasset" 129
"../../../Engine/Content/EngineMaterials/BaseFlattenGrayscaleMap.uasset" 130
"../../../Engine/Content/EngineMaterials/BaseFlattenNormalMap.uasset" 131
"../../../Engine/Content/EngineMaterials/BaseFlattenMaterial.uasset" 132
"../../../Engine/Content/EngineMaterials/DefaultBloomKernel.uasset" 133
"../../../Engine/Content/EngineMaterials/DefaultBokeh.uasset" 134
"../../../Engine/Content/EngineMaterials/DefaultDiffuse.uasset" 135
"../../../Engine/Content/EngineMaterials/DefaultDeferredDecalMaterial.uasset" 136
"../../../Engine/Content/EngineMaterials/DefaultLightFunctionMaterial.uasset" 137
"../../../Engine/Content/EngineMaterials/DefaultPhysicalMaterial.uasset" 138
"../../../Engine/Content/Functions/Engine_MaterialFunctions02/Utility/BreakOutFloat2Components.uasset" 139
"../../../Engine/Content/EngineMaterials/DefaultPostProcessMaterial.uasset" 140
"../../../Engine/Content/EngineFonts/RobotoDistanceField.uasset" 141
"../../../Engine/Content/EngineMaterials/DefaultTextMaterialOpaque.uasset" 142
"../../../Engine/Content/EngineMaterials/DefaultWhiteGrid.uasset" 143
"../../../Engine/Content/EngineMaterials/EditorBrushMaterial.uasset" 144
"../../../Engine/Content/EngineMaterials/Good64x64TilingNoiseHighFreq.uasset" 145
"../../../Engine/Content/EngineMaterials/MiniFont.uasset" 146
"../../../Engine/Content/EngineMaterials/InvalidLightmapSettings.uasset" 147
"../../../Engine/Content/EngineMaterials/M_InvalidLightmapSettings.uasset" 148
"../../../Engine/Content/Functions/Engine_MaterialFunctions02/WorldPositionOffset/CameraOffset.uasset" 149
"../../../Engine/Content/EngineMaterials/PhAT_JointLimitMaterial.uasset" 150
"../../../Engine/Content/EngineMaterials/PreintegratedSkinBRDF.uasset" 151
"../../../Engine/Content/EngineMaterials/RemoveSurfaceMaterial.uasset" 152
"../../../Engine/Content/EngineMaterials/WeightMapPlaceholderTexture.uasset" 153
"../../../Engine/Content/EngineResources/WhiteSquareTexture.uasset" 154
"../../../Engine/Content/EngineMaterials/Widget3DPassThrough.uasset" 155
"../../../Engine/Content/EngineMaterials/Widget3DPassThrough_Masked.uasset" 156
"../../../Engine/Content/EngineMaterials/Widget3DPassThrough_Opaque.uasset" 157
"../../../Engine/Content/EngineMaterials/Widget3DPassThrough_Masked_OneSided.uasset" 158
"../../../Engine/Content/EngineMaterials/Widget3DPassThrough_Opaque_OneSided.uasset" 159
"../../../Engine/Content/EngineMaterials/Widget3DPassThrough_Translucent.uasset" 160
"../../../Engine/Content/EngineMaterials/Widget3DPassThrough_Translucent_OneSided.uasset" 161
"../../../Engine/Content/EngineMeshes/Cylinder.uasset" 162
"../../../Engine/Content/EngineMeshes/Sphere.uasset" 163
"../../../Engine/Content/EngineResources/Black.uasset" 164
"../../../Engine/Content/EngineResources/DefaultTexture.uasset" 165
"../../../Engine/Content/EngineResources/DefaultTextureCube.uasset" 166
"../../../Engine/Content/EngineResources/DefaultVolumeTexture2D.uasset" 167
"../../../Engine/Content/EngineResources/DefaultVolumeTexture.uasset" 168
"../../../Engine/Content/EngineResources/GradientTexture0.uasset" 169
"../../../Engine/Content/EngineSounds/Master.uasset" 170
"../../../Engine/Content/Functions/Engine_MaterialFunctions01/Shading/ConvertFromDiffSpec.uasset" 171
"../../../Engine/Content/Functions/Engine_MaterialFunctions01/Shading/PowerToRoughness.uasset" 172
"../../../Engine/Content/Maps/Templates/Thumbnails/Default.uasset" 173
"../../../Engine/Content/Maps/Templates/Thumbnails/VR-Basic.uasset" 174
"../../../Engine/Content/MobileResources/T_MobileControls_texture.uasset" 175
"../../../Engine/Content/MobileResources/T_MobileMenu2.uasset" 176
"../../../Engine/Content/MobileResources/HUD/AnalogHat.uasset" 177
"../../../Engine/Content/MobileResources/HUD/VirtualJoystick_Background.uasset" 178
"../../../Engine/Content/MobileResources/HUD/VirtualJoystick_Thumb.uasset" 179
"../../../Engine/Content/MobileResources/HUD/DefaultVirtualJoysticks.uasset" 180
"../../../Engine/Content/MobileResources/HUD/LeftVirtualJoystickOnly.uasset" 181
"../../../Engine/Content/MobileResources/HUD/MobileHUDButton1_off.uasset" 182
"../../../Engine/Content/MobileResources/HUD/MobileHUDButton1_on.uasset" 183
"../../../Engine/Content/MobileResources/HUD/MobileHUDButton2_off.uasset" 184
"../../../Engine/Content/MobileResources/HUD/MobileHUDButton2_on.uasset" 185
"../../../Engine/Content/MobileResources/HUD/MobileHUDButton3.uasset" 186
"../../../Engine/Content/MobileResources/HUD/MobileHUDButtonFire.uasset" 187
"../../../Engine/Content/MobileResources/HUD/MobileHUDDirectionPad.uasset" 188
"../../../Engine/Content/MobileResources/HUD/MobileHUDDirectionPad2.uasset" 189
"../../../Engine/Content/MobileResources/HUD/MobileHUDDirectionPad3.uasset" 190
"../../../Engine/Content/MobileResources/HUD/MobileHUDDirectionStick.uasset" 191
"../../../Engine/Content/MobileResources/HUD/T_Castle_ThumbstickInner.uasset" 192
"../../../Engine/Content/MobileResources/HUD/T_Castle_ThumbstickOutter.uasset" 193
"../../../Engine/Content/Tutorial/ContentIntroCurve.uasset" 194
"../../../Engine/Content/Tutorial/Basics/LevelEditorAttract.uasset" 195
"../../../Engine/Content/Tutorial/Basics/TutorialAssets/icon_tab_Levels_40x.uasset" 196
"../../../Engine/Content/Tutorial/Basics/LevelEditorOverview.uasset" 197
"../../../Engine/Content/VREditor/LaserPointer/VR_LaserPower_01.uasset" 198
"../../../Engine/Content/VREditor/TransformGizmo/TransformGizmoMaterial.uasset" 199
"../../../Engine/Content/VREditor/TransformGizmo/TranslucentTransformGizmoMaterial.uasset" 200
"../../../Engine/Content/VREditor/TransformGizmo/BoundingBoxCorner.uasset" 201
"../../../Engine/Content/VREditor/TransformGizmo/BoundingBoxEdge.uasset" 202
"../../../Engine/Content/VREditor/TransformGizmo/PlaneTranslationHandle.uasset" 203
"../../../Engine/Content/VREditor/TransformGizmo/Main.uasset" 204
"../../../Engine/Content/VREditor/TransformGizmo/Xray.uasset" 205
"../../../Engine/Content/VREditor/TransformGizmo/SM_Sequencer_Key.uasset" 206
"../../../Engine/Content/VREditor/TransformGizmo/SM_Sequencer_Node.uasset" 207
"../../Plugins/2D/Paper2D/Content/PlaceholderTextures/DummySpriteTexture.uasset" 208
"../../Plugins/2D/Paper2D/Content/DummySprite.uasset" 209
"../../Plugins/2D/Paper2D/Content/DefaultPaperTerrainMaterial.uasset" 210
"../../Plugins/2D/Paper2D/Content/DummySpriteTexture.uasset" 211
"../../Plugins/2D/Paper2D/Content/DefaultSpriteMaterial.uasset" 212
"../../Plugins/2D/Paper2D/Content/MaskedUnlitSpriteMaterial.uasset" 213
"../../Plugins/2D/Paper2D/Content/OpaqueUnlitSpriteMaterial.uasset" 214
"../../Plugins/Runtime/Oculus/OculusVR/Content/OculusMR_RenderTarget.uasset" 215
"../../../Engine/Content/Functions/Engine_MaterialFunctions02/Utility/BreakOutFloat4Components.uasset" 216
"../../../Engine/Content/Functions/Engine_MaterialFunctions02/Utility/MakeFloat2.uasset" 217
"../../../Engine/Content/Functions/Engine_MaterialFunctions02/Utility/MakeFloat3.uasset" 218
"../../Plugins/Runtime/Oculus/OculusVR/Content/Materials/OculusMR_ChromaKey.uasset" 219
"../../Plugins/Runtime/Oculus/OculusVR/Content/Materials/OculusMR_ChromaKey_Lit.uasset" 220
"../../Plugins/Runtime/Oculus/OculusVR/Content/Materials/OculusMR_OpaqueColoredMaterial.uasset" 221
"../../Plugins/Runtime/Oculus/OculusVR/Content/Materials/OculusMR_WhiteMaterial.uasset" 222
"../../Plugins/Runtime/Oculus/OculusVR/Content/Materials/PokeAHoleMaterial.uasset" 223
"../../Plugins/Runtime/Oculus/OculusVR/Content/Textures/GearVRController_AO.uasset" 224
"../../Plugins/Runtime/Oculus/OculusVR/Content/Textures/GearVRController_Color.uasset" 225
"../../Plugins/Runtime/Oculus/OculusVR/Content/Textures/GearVRController_Normal.uasset" 226
"../../Plugins/Runtime/Oculus/OculusVR/Content/Materials/GearVRControllerMaterial.uasset" 227
"../../Plugins/Runtime/Oculus/OculusVR/Content/Meshes/GearVrController.uasset" 228
"../../Plugins/Runtime/Oculus/OculusVR/Content/Textures/touchController_albedo.uasset" 229
"../../Plugins/Runtime/Oculus/OculusVR/Content/Textures/touchController_controlmap.uasset" 230
"../../Plugins/Runtime/Oculus/OculusVR/Content/Materials/touchController_mat.uasset" 231
"../../Plugins/Runtime/Oculus/OculusVR/Content/Meshes/LeftTouchController.uasset" 232
"../../Plugins/Runtime/Oculus/OculusVR/Content/Meshes/RiftHMD.uasset" 233
"../../Plugins/Runtime/Oculus/OculusVR/Content/Meshes/RightTouchController.uasset" 234
"../../../../../../Users/Benjamin/Desktop/SAE/Trimester 3/GPG210/19T3-GPG210-Team-D-Prototype-0/Content/Mannequin/Animations/ThirdPerson_Jump.uasset" 235
"../../../../../../Users/Benjamin/Desktop/SAE/Trimester 3/GPG210/19T3-GPG210-Team-D-Prototype-0/Content/Mannequin/Animations/ThirdPersonJump_Loop.uasset" 236
"../../../../../../Users/Benjamin/Desktop/SAE/Trimester 3/GPG210/19T3-GPG210-Team-D-Prototype-0/Content/Mannequin/Animations/ThirdPersonJump_Start.uasset" 237
"../../../../../../Users/Benjamin/Desktop/SAE/Trimester 3/GPG210/19T3-GPG210-Team-D-Prototype-0/Content/Mannequin/Animations/ThirdPersonIdle.uasset" 238
"../../../../../../Users/Benjamin/Desktop/SAE/Trimester 3/GPG210/19T3-GPG210-Team-D-Prototype-0/Content/Mannequin/Animations/ThirdPersonRun.uasset" 239
"../../../../../../Users/Benjamin/Desktop/SAE/Trimester 3/GPG210/19T3-GPG210-Team-D-Prototype-0/Content/Mannequin/Animations/ThirdPersonWalk.uasset" 240
"../../../../../../Users/Benjamin/Desktop/SAE/Trimester 3/GPG210/19T3-GPG210-Team-D-Prototype-0/Content/Mannequin/Animations/ThirdPerson_IdleRun_2D.uasset" 241
"../../../../../../Users/Benjamin/Desktop/SAE/Trimester 3/GPG210/19T3-GPG210-Team-D-Prototype-0/Content/Mannequin/Animations/ThirdPerson_AnimBP.uasset" 242
"../../../../../../Users/Benjamin/Desktop/SAE/Trimester 3/GPG210/19T3-GPG210-Team-D-Prototype-0/Content/ThirdPersonBP/Blueprints/BP_RapText.uasset" 243
"../../../../../../Users/Benjamin/Desktop/SAE/Trimester 3/GPG210/19T3-GPG210-Team-D-Prototype-0/Content/ThirdPersonBP/Blueprints/ThirdPersonCharacter.uasset" 244
"../../../Engine/Content/EngineSky/C_Sky_Cloud_Color.uasset" 245
"../../../Engine/Content/EngineSky/C_Sky_Horizon_Color.uasset" 246
"../../../Engine/Content/EngineSky/C_Sky_Zenith_Color.uasset" 247
"../../../Engine/Content/EngineSky/T_Sky_Blue.uasset" 248
"../../../Engine/Content/EngineSky/T_Sky_Clouds_M.uasset" 249
"../../../Engine/Content/EngineSky/T_Sky_Stars.uasset" 250
"../../../Engine/Content/EngineSky/M_Sky_Panning_Clouds2.uasset" 251
"../../../Engine/Content/EngineSky/SM_SkySphere.uasset" 252
"../../../Engine/Content/EngineSky/BP_Sky_Sphere.uasset" 253
"../../../../../../Users/Benjamin/Desktop/SAE/Trimester 3/GPG210/19T3-GPG210-Team-D-Prototype-0/Content/materials/MT_Mat_3.uasset" 254
"../../../../../../Users/Benjamin/Desktop/SAE/Trimester 3/GPG210/19T3-GPG210-Team-D-Prototype-0/Content/StaticMeshes/Couch/Couch_Cube_004.uasset" 255
"../../../../../../Users/Benjamin/Desktop/SAE/Trimester 3/GPG210/19T3-GPG210-Team-D-Prototype-0/Content/StaticMeshes/Couch/Couch_Cube_005.uasset" 256
"../../../../../../Users/Benjamin/Desktop/SAE/Trimester 3/GPG210/19T3-GPG210-Team-D-Prototype-0/Content/StaticMeshes/Couch/Couch_Cube_006.uasset" 257
"../../../../../../Users/Benjamin/Desktop/SAE/Trimester 3/GPG210/19T3-GPG210-Team-D-Prototype-0/Content/StaticMeshes/Couch/Couch_Cube_007.uasset" 258
"../../../../../../Users/Benjamin/Desktop/SAE/Trimester 3/GPG210/19T3-GPG210-Team-D-Prototype-0/Content/StaticMeshes/Couch/Couch_Cylinder_001.uasset" 259
"../../../../../../Users/Benjamin/Desktop/SAE/Trimester 3/GPG210/19T3-GPG210-Team-D-Prototype-0/Content/Geometry/Meshes/BP_Couch.uasset" 260
"../../../../../../Users/Benjamin/Desktop/SAE/Trimester 3/GPG210/19T3-GPG210-Team-D-Prototype-0/Content/StaticMeshes/Hospital_Bed/Material.uasset" 261
"../../../../../../Users/Benjamin/Desktop/SAE/Trimester 3/GPG210/19T3-GPG210-Team-D-Prototype-0/Content/materials/MT_Mat_5.uasset" 262
"../../../../../../Users/Benjamin/Desktop/SAE/Trimester 3/GPG210/19T3-GPG210-Team-D-Prototype-0/Content/materials/MI_Mat_01.uasset" 263
"../../../../../../Users/Benjamin/Desktop/SAE/Trimester 3/GPG210/19T3-GPG210-Team-D-Prototype-0/Content/StaticMeshes/Double_Door/Double_Doors_Circle_002.uasset" 264
"../../../../../../Users/Benjamin/Desktop/SAE/Trimester 3/GPG210/19T3-GPG210-Team-D-Prototype-0/Content/StaticMeshes/Double_Door/Double_Doors_Cube_014.uasset" 265
"../../../../../../Users/Benjamin/Desktop/SAE/Trimester 3/GPG210/19T3-GPG210-Team-D-Prototype-0/Content/StaticMeshes/Double_Door/Double_Doors_Cube_015.uasset" 266
"../../../../../../Users/Benjamin/Desktop/SAE/Trimester 3/GPG210/19T3-GPG210-Team-D-Prototype-0/Content/StaticMeshes/Double_Door/Double_Doors_Cube_016.uasset" 267
"../../../../../../Users/Benjamin/Desktop/SAE/Trimester 3/GPG210/19T3-GPG210-Team-D-Prototype-0/Content/StaticMeshes/Double_Door/Double_Doors_Cube_017.uasset" 268
"../../../../../../Users/Benjamin/Desktop/SAE/Trimester 3/GPG210/19T3-GPG210-Team-D-Prototype-0/Content/StaticMeshes/Double_Door/Double_Doors_Cube_018.uasset" 269
"../../../../../../Users/Benjamin/Desktop/SAE/Trimester 3/GPG210/19T3-GPG210-Team-D-Prototype-0/Content/StaticMeshes/Double_Door/Double_Doors_Cube_024.uasset" 270
"../../../../../../Users/Benjamin/Desktop/SAE/Trimester 3/GPG210/19T3-GPG210-Team-D-Prototype-0/Content/Geometry/Meshes/BP_Door.uasset" 271
"../../../../../../Users/Benjamin/Desktop/SAE/Trimester 3/GPG210/19T3-GPG210-Team-D-Prototype-0/Content/StaticMeshes/Double_Door/Double_Doors_Cube_013.uasset" 272
"../../../../../../Users/Benjamin/Desktop/SAE/Trimester 3/GPG210/19T3-GPG210-Team-D-Prototype-0/Content/Geometry/Meshes/BP_Door_Frame.uasset" 273
"../../../../../../Users/Benjamin/Desktop/SAE/Trimester 3/GPG210/19T3-GPG210-Team-D-Prototype-0/Content/StaticMeshes/Front_Desk_Parts/Front_Desk_Cube_014.uasset" 274
"../../../../../../Users/Benjamin/Desktop/SAE/Trimester 3/GPG210/19T3-GPG210-Team-D-Prototype-0/Content/StaticMeshes/Front_Desk_Parts/Front_Desk_Cube_015.uasset" 275
"../../../../../../Users/Benjamin/Desktop/SAE/Trimester 3/GPG210/19T3-GPG210-Team-D-Prototype-0/Content/StaticMeshes/Front_Desk_Parts/Front_Desk_Cube_017.uasset" 276
"../../../../../../Users/Benjamin/Desktop/SAE/Trimester 3/GPG210/19T3-GPG210-Team-D-Prototype-0/Content/StaticMeshes/Front_Desk_Parts/Front_Desk_Cube_020.uasset" 277
"../../../../../../Users/Benjamin/Desktop/SAE/Trimester 3/GPG210/19T3-GPG210-Team-D-Prototype-0/Content/StaticMeshes/Front_Desk_Parts/Front_Desk_Cube_021.uasset" 278
"../../../../../../Users/Benjamin/Desktop/SAE/Trimester 3/GPG210/19T3-GPG210-Team-D-Prototype-0/Content/StaticMeshes/Front_Desk_Parts/Front_Desk_Cube_023.uasset" 279
"../../../../../../Users/Benjamin/Desktop/SAE/Trimester 3/GPG210/19T3-GPG210-Team-D-Prototype-0/Content/Geometry/Meshes/BP_Front_Desk_Corner.uasset" 280
"../../../../../../Users/Benjamin/Desktop/SAE/Trimester 3/GPG210/19T3-GPG210-Team-D-Prototype-0/Content/StaticMeshes/Front_Desk_Parts/Front_Desk_Cube_012.uasset" 281
"../../../../../../Users/Benjamin/Desktop/SAE/Trimester 3/GPG210/19T3-GPG210-Team-D-Prototype-0/Content/StaticMeshes/Front_Desk_Parts/Front_Desk_Cube_013.uasset" 282
"../../../../../../Users/Benjamin/Desktop/SAE/Trimester 3/GPG210/19T3-GPG210-Team-D-Prototype-0/Content/StaticMeshes/Front_Desk_Parts/Front_Desk_Cube_016.uasset" 283
"../../../../../../Users/Benjamin/Desktop/SAE/Trimester 3/GPG210/19T3-GPG210-Team-D-Prototype-0/Content/StaticMeshes/Front_Desk_Parts/Front_Desk_Cube_018.uasset" 284
"../../../../../../Users/Benjamin/Desktop/SAE/Trimester 3/GPG210/19T3-GPG210-Team-D-Prototype-0/Content/StaticMeshes/Front_Desk_Parts/Front_Desk_Cube_019.uasset" 285
"../../../../../../Users/Benjamin/Desktop/SAE/Trimester 3/GPG210/19T3-GPG210-Team-D-Prototype-0/Content/StaticMeshes/Front_Desk_Parts/Front_Desk_Cube_022.uasset" 286
"../../../../../../Users/Benjamin/Desktop/SAE/Trimester 3/GPG210/19T3-GPG210-Team-D-Prototype-0/Content/Geometry/Meshes/BP_Front_Desk_Middle.uasset" 287
"../../../../../../Users/Benjamin/Desktop/SAE/Trimester 3/GPG210/19T3-GPG210-Team-D-Prototype-0/Content/StaticMeshes/Medical_Stool/Medical_Stool_Circle_001.uasset" 288
"../../../../../../Users/Benjamin/Desktop/SAE/Trimester 3/GPG210/19T3-GPG210-Team-D-Prototype-0/Content/StaticMeshes/Medical_Stool/Medical_Stool_Cylinder_003.uasset" 289
"../../../../../../Users/Benjamin/Desktop/SAE/Trimester 3/GPG210/19T3-GPG210-Team-D-Prototype-0/Content/StaticMeshes/Medical_Stool/Medical_Stool_Cylinder_004.uasset" 290
"../../../../../../Users/Benjamin/Desktop/SAE/Trimester 3/GPG210/19T3-GPG210-Team-D-Prototype-0/Content/StaticMeshes/Medical_Stool/Medical_Stool_Cylinder_005.uasset" 291
"../../../../../../Users/Benjamin/Desktop/SAE/Trimester 3/GPG210/19T3-GPG210-Team-D-Prototype-0/Content/StaticMeshes/Medical_Stool/Medical_Stool_Torus_001.uasset" 292
"../../../../../../Users/Benjamin/Desktop/SAE/Trimester 3/GPG210/19T3-GPG210-Team-D-Prototype-0/Content/Geometry/Meshes/BP_Medical_Stool.uasset" 293
"../../../../../../Users/Benjamin/Desktop/SAE/Trimester 3/GPG210/19T3-GPG210-Team-D-Prototype-0/Content/StaticMeshes/Waiting_Room_Chairs/Waiting_Room_Chairs_Arm_Rest.uasset" 294
"../../../../../../Users/Benjamin/Desktop/SAE/Trimester 3/GPG210/19T3-GPG210-Team-D-Prototype-0/Content/StaticMeshes/Waiting_Room_Chairs/Waiting_Room_Chairs_Cube_014.uasset" 295
"../../../../../../Users/Benjamin/Desktop/SAE/Trimester 3/GPG210/19T3-GPG210-Team-D-Prototype-0/Content/StaticMeshes/Waiting_Room_Chairs/Waiting_Room_Chairs_Cube_017.uasset" 296
"../../../../../../Users/Benjamin/Desktop/SAE/Trimester 3/GPG210/19T3-GPG210-Team-D-Prototype-0/Content/StaticMeshes/Waiting_Room_Chairs/Waiting_Room_Chairs_Cube_023.uasset" 297
"../../../../../../Users/Benjamin/Desktop/SAE/Trimester 3/GPG210/19T3-GPG210-Team-D-Prototype-0/Content/Geometry/Meshes/BP_Waiting_Room_Chair_End.uasset" 298
"../../../../../../Users/Benjamin/Desktop/SAE/Trimester 3/GPG210/19T3-GPG210-Team-D-Prototype-0/Content/StaticMeshes/Waiting_Room_Chairs/Waiting_Room_Chairs_Cube_013.uasset" 299
"../../../../../../Users/Benjamin/Desktop/SAE/Trimester 3/GPG210/19T3-GPG210-Team-D-Prototype-0/Content/StaticMeshes/Waiting_Room_Chairs/Waiting_Room_Chairs_Cube_019.uasset" 300
"../../../../../../Users/Benjamin/Desktop/SAE/Trimester 3/GPG210/19T3-GPG210-Team-D-Prototype-0/Content/StaticMeshes/Waiting_Room_Chairs/Waiting_Room_Chairs_Cube_022.uasset" 301
"../../../../../../Users/Benjamin/Desktop/SAE/Trimester 3/GPG210/19T3-GPG210-Team-D-Prototype-0/Content/StaticMeshes/Waiting_Room_Chairs/Waiting_Room_Chairs_Cube_024.uasset" 302
"../../../../../../Users/Benjamin/Desktop/SAE/Trimester 3/GPG210/19T3-GPG210-Team-D-Prototype-0/Content/Geometry/Meshes/BP_Waiting_Room_Chair_Middle.uasset" 303
"../../../../../../Users/Benjamin/Desktop/SAE/Trimester 3/GPG210/19T3-GPG210-Team-D-Prototype-0/Content/ThirdPersonBP/Blueprints/BP_GameInstance.uasset" 304
"../../../../../../Users/Benjamin/Desktop/SAE/Trimester 3/GPG210/19T3-GPG210-Team-D-Prototype-0/Content/ThirdPersonBP/Blueprints/BP_DebugInfo.uasset" 305
"../../../../../../Users/Benjamin/Desktop/SAE/Trimester 3/GPG210/19T3-GPG210-Team-D-Prototype-0/Content/ThirdPersonBP/Blueprints/BP_RapHUD.uasset" 306
"../../../../../../Users/Benjamin/Desktop/SAE/Trimester 3/GPG210/19T3-GPG210-Team-D-Prototype-0/Content/SoundEffects/saidFour.uasset" 307
"../../../../../../Users/Benjamin/Desktop/SAE/Trimester 3/GPG210/19T3-GPG210-Team-D-Prototype-0/Content/SoundEffects/saidOne.uasset" 308
"../../../../../../Users/Benjamin/Desktop/SAE/Trimester 3/GPG210/19T3-GPG210-Team-D-Prototype-0/Content/SoundEffects/saidThree.uasset" 309
"../../../../../../Users/Benjamin/Desktop/SAE/Trimester 3/GPG210/19T3-GPG210-Team-D-Prototype-0/Content/SoundEffects/saidTwo.uasset" 310
"../../../../../../Users/Benjamin/Desktop/SAE/Trimester 3/GPG210/19T3-GPG210-Team-D-Prototype-0/Content/ThirdPersonBP/Blueprints/ScoreMenuLevel1.uasset" 311
"../../../../../../Users/Benjamin/Desktop/SAE/Trimester 3/GPG210/19T3-GPG210-Team-D-Prototype-0/Content/ThirdPersonBP/Blueprints/ScoreMenuLevel2.uasset" 312
"../../../../../../Users/Benjamin/Desktop/SAE/Trimester 3/GPG210/19T3-GPG210-Team-D-Prototype-0/Content/ThirdPersonBP/Blueprints/ThirdPersonGameMode.uasset" 313
"../../../../../../Users/Benjamin/Desktop/SAE/Trimester 3/GPG210/19T3-GPG210-Team-D-Prototype-0/Content/ThirdPersonBP/Maps/Lobby_BuiltData.uasset" 314
"../../../../../../Users/Benjamin/Desktop/SAE/Trimester 3/GPG210/19T3-GPG210-Team-D-Prototype-0/Content/materials/MT_Mat_01.uasset" 315
"../../../../../../Users/Benjamin/Desktop/SAE/Trimester 3/GPG210/19T3-GPG210-Team-D-Prototype-0/Content/materials/MT_Mat_2.uasset" 316
"../../../../../../Users/Benjamin/Desktop/SAE/Trimester 3/GPG210/19T3-GPG210-Team-D-Prototype-0/Content/materials/MT_Mat_6.uasset" 317
"../../../../../../Users/Benjamin/Desktop/SAE/Trimester 3/GPG210/19T3-GPG210-Team-D-Prototype-0/Content/materials/MT_Mat_7.uasset" 318
"../../../Engine/Content/BasicShapes/Cube.uasset" 319
"../../../Engine/Content/BasicShapes/Plane.uasset" 320
"../../../../../../Users/Benjamin/Desktop/SAE/Trimester 3/GPG210/19T3-GPG210-Team-D-Prototype-0/Content/Geometry/Meshes/1M_Cube.uasset" 321
"../../../../../../Users/Benjamin/Desktop/SAE/Trimester 3/GPG210/19T3-GPG210-Team-D-Prototype-0/Content/ThirdPersonBP/Maps/Lobby.umap" 322
"../../../../../../Users/Benjamin/Desktop/SAE/Trimester 3/GPG210/19T3-GPG210-Team-D-Prototype-0/Content/ThirdPersonBP/Blueprints/MainMenuGameMode.uasset" 323
"../../../../../../Users/Benjamin/Desktop/SAE/Trimester 3/GPG210/19T3-GPG210-Team-D-Prototype-0/Content/ThirdPersonBP/Blueprints/MainMenu.uasset" 324
"../../../../../../Users/Benjamin/Desktop/SAE/Trimester 3/GPG210/19T3-GPG210-Team-D-Prototype-0/Content/ThirdPersonBP/Maps/MainMenu.umap" 325
"../../../../../../Users/Benjamin/Desktop/SAE/Trimester 3/GPG210/19T3-GPG210-Team-D-Prototype-0/Content/StaticMeshes/Curtain/Hospital_Curtain_Cylinder_001.uasset" 326
"../../../../../../Users/Benjamin/Desktop/SAE/Trimester 3/GPG210/19T3-GPG210-Team-D-Prototype-0/Content/StaticMeshes/Curtain/Hospital_Curtain_Plane_002.uasset" 327
"../../../../../../Users/Benjamin/Desktop/SAE/Trimester 3/GPG210/19T3-GPG210-Team-D-Prototype-0/Content/Geometry/Meshes/BP_Curtain_Corner.uasset" 328
"../../../../../../Users/Benjamin/Desktop/SAE/Trimester 3/GPG210/19T3-GPG210-Team-D-Prototype-0/Content/StaticMeshes/Curtain/Hospital_Curtain_Cylinder.uasset" 329
"../../../../../../Users/Benjamin/Desktop/SAE/Trimester 3/GPG210/19T3-GPG210-Team-D-Prototype-0/Content/StaticMeshes/Curtain/Hospital_Curtain_Plane_003.uasset" 330
"../../../../../../Users/Benjamin/Desktop/SAE/Trimester 3/GPG210/19T3-GPG210-Team-D-Prototype-0/Content/Geometry/Meshes/BP_CurtainStraight.uasset" 331
"../../../../../../Users/Benjamin/Desktop/SAE/Trimester 3/GPG210/19T3-GPG210-Team-D-Prototype-0/Content/StaticMeshes/Hospital_Bed/Hospital_Bed_Cube.uasset" 332
"../../../../../../Users/Benjamin/Desktop/SAE/Trimester 3/GPG210/19T3-GPG210-Team-D-Prototype-0/Content/StaticMeshes/Hospital_Bed/Hospital_Bed_Cube_001.uasset" 333
"../../../../../../Users/Benjamin/Desktop/SAE/Trimester 3/GPG210/19T3-GPG210-Team-D-Prototype-0/Content/StaticMeshes/Hospital_Bed/Hospital_Bed_Cube_002.uasset" 334
"../../../../../../Users/Benjamin/Desktop/SAE/Trimester 3/GPG210/19T3-GPG210-Team-D-Prototype-0/Content/StaticMeshes/Hospital_Bed/Hospital_Bed_Cube_003.uasset" 335
"../../../../../../Users/Benjamin/Desktop/SAE/Trimester 3/GPG210/19T3-GPG210-Team-D-Prototype-0/Content/StaticMeshes/Hospital_Bed/Hospital_Bed_Cube_004.uasset" 336
"../../../../../../Users/Benjamin/Desktop/SAE/Trimester 3/GPG210/19T3-GPG210-Team-D-Prototype-0/Content/StaticMeshes/Hospital_Bed/Hospital_Bed_Frame.uasset" 337
"../../../../../../Users/Benjamin/Desktop/SAE/Trimester 3/GPG210/19T3-GPG210-Team-D-Prototype-0/Content/StaticMeshes/Hospital_Bed/Hospital_Bed_Plane.uasset" 338
"../../../../../../Users/Benjamin/Desktop/SAE/Trimester 3/GPG210/19T3-GPG210-Team-D-Prototype-0/Content/StaticMeshes/Hospital_Bed/Hospital_Bed_Plane_001.uasset" 339
"../../../../../../Users/Benjamin/Desktop/SAE/Trimester 3/GPG210/19T3-GPG210-Team-D-Prototype-0/Content/StaticMeshes/Hospital_Bed/Hospital_Bed_Wheel.uasset" 340
"../../../../../../Users/Benjamin/Desktop/SAE/Trimester 3/GPG210/19T3-GPG210-Team-D-Prototype-0/Content/Geometry/Meshes/BP_Hospital_Bed.uasset" 341
"../../../../../../Users/Benjamin/Desktop/SAE/Trimester 3/GPG210/19T3-GPG210-Team-D-Prototype-0/Content/StaticMeshes/IV_Holder/Medical_Equiment_Holder_Cube.uasset" 342
"../../../../../../Users/Benjamin/Desktop/SAE/Trimester 3/GPG210/19T3-GPG210-Team-D-Prototype-0/Content/StaticMeshes/IV_Holder/Medical_Equiment_Holder_Cube_001.uasset" 343
"../../../../../../Users/Benjamin/Desktop/SAE/Trimester 3/GPG210/19T3-GPG210-Team-D-Prototype-0/Content/StaticMeshes/IV_Holder/Medical_Equiment_Holder_Cube_002.uasset" 344
"../../../../../../Users/Benjamin/Desktop/SAE/Trimester 3/GPG210/19T3-GPG210-Team-D-Prototype-0/Content/StaticMeshes/IV_Holder/Medical_Equiment_Holder_Cylinder.uasset" 345
"../../../../../../Users/Benjamin/Desktop/SAE/Trimester 3/GPG210/19T3-GPG210-Team-D-Prototype-0/Content/StaticMeshes/IV_Holder/Medical_Equiment_Holder_Cylinder_001.uasset" 346
"../../../../../../Users/Benjamin/Desktop/SAE/Trimester 3/GPG210/19T3-GPG210-Team-D-Prototype-0/Content/StaticMeshes/IV_Holder/Medical_Equiment_Holder_Cylinder_002.uasset" 347
"../../../../../../Users/Benjamin/Desktop/SAE/Trimester 3/GPG210/19T3-GPG210-Team-D-Prototype-0/Content/Geometry/Meshes/BP_IV_Holder.uasset" 348
"../../../../../../Users/Benjamin/Desktop/SAE/Trimester 3/GPG210/19T3-GPG210-Team-D-Prototype-0/Content/StaticMeshes/Medical_Cabinet/Hospital_Cabinet_Cube_005.uasset" 349
"../../../../../../Users/Benjamin/Desktop/SAE/Trimester 3/GPG210/19T3-GPG210-Team-D-Prototype-0/Content/StaticMeshes/Medical_Cabinet/Hospital_Cabinet_Cube_006.uasset" 350
"../../../../../../Users/Benjamin/Desktop/SAE/Trimester 3/GPG210/19T3-GPG210-Team-D-Prototype-0/Content/StaticMeshes/Medical_Cabinet/Hospital_Cabinet_Cube_007.uasset" 351
"../../../../../../Users/Benjamin/Desktop/SAE/Trimester 3/GPG210/19T3-GPG210-Team-D-Prototype-0/Content/StaticMeshes/Medical_Cabinet/Hospital_Cabinet_Cube_008.uasset" 352
"../../../../../../Users/Benjamin/Desktop/SAE/Trimester 3/GPG210/19T3-GPG210-Team-D-Prototype-0/Content/StaticMeshes/Medical_Cabinet/Hospital_Cabinet_Cube_009.uasset" 353
"../../../../../../Users/Benjamin/Desktop/SAE/Trimester 3/GPG210/19T3-GPG210-Team-D-Prototype-0/Content/StaticMeshes/Medical_Cabinet/Hospital_Cabinet_Cylinder_002.uasset" 354
"../../../../../../Users/Benjamin/Desktop/SAE/Trimester 3/GPG210/19T3-GPG210-Team-D-Prototype-0/Content/StaticMeshes/Medical_Cabinet/Hospital_Cabinet_Cylinder_003.uasset" 355
"../../../../../../Users/Benjamin/Desktop/SAE/Trimester 3/GPG210/19T3-GPG210-Team-D-Prototype-0/Content/StaticMeshes/Medical_Cabinet/Hospital_Cabinet_Torus_001.uasset" 356
"../../../../../../Users/Benjamin/Desktop/SAE/Trimester 3/GPG210/19T3-GPG210-Team-D-Prototype-0/Content/StaticMeshes/Medical_Cabinet/Hospital_Cabinet_Torus_003.uasset" 357
"../../../../../../Users/Benjamin/Desktop/SAE/Trimester 3/GPG210/19T3-GPG210-Team-D-Prototype-0/Content/Geometry/Meshes/BP_Medical_Cabinet.uasset" 358
"../../../../../../Users/Benjamin/Desktop/SAE/Trimester 3/GPG210/19T3-GPG210-Team-D-Prototype-0/Content/StaticMeshes/Medical_Cabinet_Tall/Medical_Tall_Cabinet_Base_001.uasset" 359
"../../../../../../Users/Benjamin/Desktop/SAE/Trimester 3/GPG210/19T3-GPG210-Team-D-Prototype-0/Content/StaticMeshes/Medical_Cabinet_Tall/Medical_Tall_Cabinet_Door_001.uasset" 360
"../../../../../../Users/Benjamin/Desktop/SAE/Trimester 3/GPG210/19T3-GPG210-Team-D-Prototype-0/Content/StaticMeshes/Medical_Cabinet_Tall/Medical_Tall_Cabinet_Frame_001.uasset" 361
"../../../../../../Users/Benjamin/Desktop/SAE/Trimester 3/GPG210/19T3-GPG210-Team-D-Prototype-0/Content/StaticMeshes/Medical_Cabinet_Tall/Medical_Tall_Cabinet_Glass_001.uasset" 362
"../../../../../../Users/Benjamin/Desktop/SAE/Trimester 3/GPG210/19T3-GPG210-Team-D-Prototype-0/Content/StaticMeshes/Medical_Cabinet_Tall/Medical_Tall_Cabinet_Shelf_001.uasset" 363
"../../../../../../Users/Benjamin/Desktop/SAE/Trimester 3/GPG210/19T3-GPG210-Team-D-Prototype-0/Content/StaticMeshes/Medical_Cabinet_Tall/Medical_Tall_Cabinet_Side_Electronic_001.uasset" 364
"../../../../../../Users/Benjamin/Desktop/SAE/Trimester 3/GPG210/19T3-GPG210-Team-D-Prototype-0/Content/StaticMeshes/Medical_Cabinet_Tall/Medical_Tall_Cabinet_Top_Electronic_001.uasset" 365
"../../../../../../Users/Benjamin/Desktop/SAE/Trimester 3/GPG210/19T3-GPG210-Team-D-Prototype-0/Content/StaticMeshes/Medical_Cabinet_Tall/Medical_Tall_Cabinet_Wheel_001.uasset" 366
"../../../../../../Users/Benjamin/Desktop/SAE/Trimester 3/GPG210/19T3-GPG210-Team-D-Prototype-0/Content/StaticMeshes/Medical_Cabinet_Tall/Medical_Tall_Cabinet_Wheel_Support_001.uasset" 367
"../../../../../../Users/Benjamin/Desktop/SAE/Trimester 3/GPG210/19T3-GPG210-Team-D-Prototype-0/Content/Geometry/Meshes/BP_Medical_Cabinet_Tall.uasset" 368
"../../../../../../Users/Benjamin/Desktop/SAE/Trimester 3/GPG210/19T3-GPG210-Team-D-Prototype-0/Content/StaticMeshes/Railing/Railing_Corner_Inner_Right_001.uasset" 369
"../../../../../../Users/Benjamin/Desktop/SAE/Trimester 3/GPG210/19T3-GPG210-Team-D-Prototype-0/Content/StaticMeshes/Railing/Railing_Corner_Outer_Right_001.uasset" 370
"../../../../../../Users/Benjamin/Desktop/SAE/Trimester 3/GPG210/19T3-GPG210-Team-D-Prototype-0/Content/Geometry/Meshes/BP_Railing_Corner.uasset" 371
"../../../../../../Users/Benjamin/Desktop/SAE/Trimester 3/GPG210/19T3-GPG210-Team-D-Prototype-0/Content/StaticMeshes/Railing/Railing_Long_Inner_001.uasset" 372
"../../../../../../Users/Benjamin/Desktop/SAE/Trimester 3/GPG210/19T3-GPG210-Team-D-Prototype-0/Content/StaticMeshes/Railing/Railing_Long_Outer_001.uasset" 373
"../../../../../../Users/Benjamin/Desktop/SAE/Trimester 3/GPG210/19T3-GPG210-Team-D-Prototype-0/Content/Geometry/Meshes/BP_Railing_Middle.uasset" 374
"../../../../../../Users/Benjamin/Desktop/SAE/Trimester 3/GPG210/19T3-GPG210-Team-D-Prototype-0/Content/StaticMeshes/Side_Table/SideTable_Cube.uasset" 375
"../../../../../../Users/Benjamin/Desktop/SAE/Trimester 3/GPG210/19T3-GPG210-Team-D-Prototype-0/Content/StaticMeshes/Side_Table/SideTable_Cube_001.uasset" 376
"../../../../../../Users/Benjamin/Desktop/SAE/Trimester 3/GPG210/19T3-GPG210-Team-D-Prototype-0/Content/StaticMeshes/Side_Table/SideTable_Cube_002.uasset" 377
"../../../../../../Users/Benjamin/Desktop/SAE/Trimester 3/GPG210/19T3-GPG210-Team-D-Prototype-0/Content/StaticMeshes/Side_Table/SideTable_Cylinder.uasset" 378
"../../../../../../Users/Benjamin/Desktop/SAE/Trimester 3/GPG210/19T3-GPG210-Team-D-Prototype-0/Content/StaticMeshes/Side_Table/SideTable_Cylinder_001.uasset" 379
"../../../../../../Users/Benjamin/Desktop/SAE/Trimester 3/GPG210/19T3-GPG210-Team-D-Prototype-0/Content/Geometry/Meshes/BP_Tray_Table.uasset" 380
"../../../../../../Users/Benjamin/Desktop/SAE/Trimester 3/GPG210/19T3-GPG210-Team-D-Prototype-0/Content/ThirdPersonBP/Maps/ThirdPersonExampleMap_BuiltData.uasset" 381
"../../../../../../Users/Benjamin/Desktop/SAE/Trimester 3/GPG210/19T3-GPG210-Team-D-Prototype-0/Content/ThirdPersonBP/Maps/ThirdPersonExampleMap.umap" 382
"../../../Engine/Content/Maps/Entry_BuiltData.uasset" 383
"../../../Engine/Content/Maps/Entry.umap" 384
